<?xml version="1.0" encoding="UTF-8" ?>
<testsuite failures="0" time="0" errors="0" skipped="0" tests="9" name="org.jreserve.gui.project.config.ModuleConfigurationTest">
  <properties>
    <property name="java.runtime.name" value="Java(TM) SE Runtime Environment"/>
    <property name="sun.boot.library.path" value="D:\Eigen\Programs\JAVA\jdk1.6.0_17\jre\bin"/>
    <property name="java.vm.version" value="14.3-b01"/>
    <property name="java.vm.vendor" value="Sun Microsystems Inc."/>
    <property name="java.vendor.url" value="http://java.sun.com/"/>
    <property name="path.separator" value=";"/>
    <property name="guice.disable.misplaced.annotation.check" value="true"/>
    <property name="java.vm.name" value="Java HotSpot(TM) Client VM"/>
    <property name="file.encoding.pkg" value="sun.io"/>
    <property name="user.country" value="NL"/>
    <property name="sun.java.launcher" value="SUN_STANDARD"/>
    <property name="sun.os.patch.level" value="Service Pack 3"/>
    <property name="java.vm.specification.name" value="Java Virtual Machine Specification"/>
    <property name="user.dir" value="D:\Eigen\GitRepos\JRLib\NetbeansProject\JReserve"/>
    <property name="java.runtime.version" value="1.6.0_17-b04"/>
    <property name="java.awt.graphicsenv" value="sun.awt.Win32GraphicsEnvironment"/>
    <property name="java.endorsed.dirs" value="D:\Eigen\Programs\JAVA\jdk1.6.0_17\jre\lib\endorsed"/>
    <property name="os.arch" value="x86"/>
    <property name="java.io.tmpdir" value="C:\DOCUME~1\aa461472\LOCALS~1\Temp\"/>
    <property name="line.separator" value="
"/>
    <property name="java.vm.specification.vendor" value="Sun Microsystems Inc."/>
    <property name="user.variant" value=""/>
    <property name="os.name" value="Windows XP"/>
    <property name="classworlds.conf" value="D:\Eigen\Programs\JAVA\NetBeans 7.3\java\maven\bin\m2.conf"/>
    <property name="sun.jnu.encoding" value="Cp1252"/>
    <property name="java.library.path" value="D:\Eigen\Programs\JAVA\jdk1.6.0_17\bin;.;C:\WINDOWS\Sun\Java\bin;C:\WINDOWS\system32;C:\WINDOWS;C:\Program Files\Ecm\FileNetViewer\40210\;C:\WINDOWS;C:\WINDOWS\system32;C:\WINDOWS\System32\Wbem;C:\PROG16\ORACLE\desdev\10g\bin;C:\PROG16\ORACLE\desdev\10g\jre\1.4.2\bin;C:\PROG16\ORACLE\desdev\10g\jre\1.4.2\bin\client;C:\prog16\oracle\desdev\6i410\BIN\;C:\prog16\oracle\desdev\6i410\jdk\bin\;C:\prog16\oracle\desdev\6i410\REPADM61\jre1_4\bin\;C:\prog16\oracle\desdev\6i410\REPADM61\jre1_4\bin\client\;C:\prog16\oracle\jre\1.1.8\bin\;C:\prog16\oracle\jre\1.3.1\bin;C:\prog16\oracle\ora81\bin\;C:\prog16\oracle\ora92\Bin;C:\prog16\oracle\ora92\jre\1.4.2\bin\;C:\prog16\oracle\ora92\jre\1.4.2\bin\client\;C:\Program Files\Achmea\WebSphereMQClient\53\bin;C:\Program Files\Microsoft Application Virtualization Client;C:\Program Files\Windows Imaging\;C:\WINDOWS\system32\WindowsPowerShell\v1.0;C:\Program Files\TortoiseSVN\bin;C:\Program Files\TortoiseGit\bin;C:\Program Files\Enterprise Vault\EVClient\;C:\Program Files\Microsoft\SQLExpress\2008R2\100\Tools\Binn\;C:\Program Files\Microsoft\SQLExpress\2008R2\100\DTS\Binn\;C:\Program Files\Microsoft\SQLExpress\2008R2\100\Tools\Binn\VSShell\Common7\IDE\;D:\Eigen\Programs\R\bin;D:\Eigen\Programs\R\library;D:\Eigen\Programs\Git\cmd;D:\Eigen\Programs\Lyx\MikTeX_2_9\miktex\bin\"/>
    <property name="java.specification.name" value="Java Platform API Specification"/>
    <property name="java.class.version" value="50.0"/>
    <property name="sun.management.compiler" value="HotSpot Client Compiler"/>
    <property name="os.version" value="5.1"/>
    <property name="user.home" value="C:\Documents and Settings\aa461472"/>
    <property name="user.timezone" value="Europe/Berlin"/>
    <property name="java.awt.printerjob" value="sun.awt.windows.WPrinterJob"/>
    <property name="file.encoding" value="Cp1252"/>
    <property name="java.specification.version" value="1.6"/>
    <property name="user.name" value="AA461472"/>
    <property name="java.class.path" value="D:\Eigen\Programs\JAVA\NetBeans 7.3\java\maven\boot\plexus-classworlds-2.4.jar"/>
    <property name="java.vm.specification.version" value="1.0"/>
    <property name="sun.arch.data.model" value="32"/>
    <property name="java.home" value="D:\Eigen\Programs\JAVA\jdk1.6.0_17\jre"/>
    <property name="java.specification.vendor" value="Sun Microsystems Inc."/>
    <property name="user.language" value="nl"/>
    <property name="awt.toolkit" value="sun.awt.windows.WToolkit"/>
    <property name="java.vm.info" value="mixed mode, sharing"/>
    <property name="java.version" value="1.6.0_17"/>
    <property name="java.ext.dirs" value="D:\Eigen\Programs\JAVA\jdk1.6.0_17\jre\lib\ext;C:\WINDOWS\Sun\Java\lib\ext"/>
    <property name="sun.boot.class.path" value="D:\Eigen\Programs\JAVA\jdk1.6.0_17\jre\lib\resources.jar;D:\Eigen\Programs\JAVA\jdk1.6.0_17\jre\lib\rt.jar;D:\Eigen\Programs\JAVA\jdk1.6.0_17\jre\lib\sunrsasign.jar;D:\Eigen\Programs\JAVA\jdk1.6.0_17\jre\lib\jsse.jar;D:\Eigen\Programs\JAVA\jdk1.6.0_17\jre\lib\jce.jar;D:\Eigen\Programs\JAVA\jdk1.6.0_17\jre\lib\charsets.jar;D:\Eigen\Programs\JAVA\jdk1.6.0_17\jre\classes"/>
    <property name="java.vendor" value="Sun Microsystems Inc."/>
    <property name="maven.home" value="D:\Eigen\Programs\JAVA\NetBeans 7.3\java\maven"/>
    <property name="file.separator" value="\"/>
    <property name="java.vendor.url.bug" value="http://java.sun.com/cgi-bin/bugreport.cgi"/>
    <property name="sun.cpu.endian" value="little"/>
    <property name="sun.io.unicode.encoding" value="UnicodeLittle"/>
    <property name="sun.desktop" value="windows"/>
    <property name="sun.cpu.isalist" value="pentium_pro+mmx pentium_pro pentium+mmx pentium i486 i386 i86"/>
  </properties>
  <testcase time="0" classname="org.jreserve.gui.project.config.ModuleConfigurationTest" name="testConstructor_NullName"/>
  <testcase time="0" classname="org.jreserve.gui.project.config.ModuleConfigurationTest" name="testConstructor_EmptyName"/>
  <testcase time="0" classname="org.jreserve.gui.project.config.ModuleConfigurationTest" name="testXmlMarshalling"/>
  <testcase time="0" classname="org.jreserve.gui.project.config.ModuleConfigurationTest" name="testXmlUnmarshalling"/>
  <testcase time="0" classname="org.jreserve.gui.project.config.ModuleConfigurationTest" name="testGetOwnerId"/>
  <testcase time="0" classname="org.jreserve.gui.project.config.ModuleConfigurationTest" name="testHasProperty"/>
  <testcase time="0" classname="org.jreserve.gui.project.config.ModuleConfigurationTest" name="testGetProperty"/>
  <testcase time="0" classname="org.jreserve.gui.project.config.ModuleConfigurationTest" name="testSetProperty"/>
  <testcase time="0" classname="org.jreserve.gui.project.config.ModuleConfigurationTest" name="testXmlUnmarshalling_NoOwnerId"/>
</testsuite>